<?xml version="1.0" encoding="UTF-8"?>
<!-- Generated by org.testng.reporters.JUnitReportReporter -->
<testsuite hostname="CIS20" name="MC.Mail_Config" tests="1" failures="0" timestamp="12 Aug 2015 19:01:03 GMT" time="10.384" errors="0">
  <testcase name="Sent_Mail" time="10.384" classname="MC.Mail_Config"/>
</testsuite> <!-- MC.Mail_Config -->
